<?xml version="1.0" encoding="UTF-8"?>
<!-- Generated by org.testng.reporters.JUnitReportReporter -->
<testsuite hostname="Mithuns-Mac.local" failures="0" tests="1" name="tests.ApiPortalTest" time="1.863" errors="0" timestamp="2024-05-20T23:12:51 IST" skipped="0">
  <testcase classname="tests.ApiPortalTest" name="addUserTest_TC02" time="1.863"/>
  <system-out/>
</testsuite> <!-- tests.ApiPortalTest -->
