<?xml version="1.0" encoding="UTF-8"?>
<!-- Generated by org.testng.reporters.JUnitReportReporter -->
<testsuite hostname="DESKTOP-ITKOF4B" failures="0" tests="2" name="tests.ApiPortalTest" time="1.482" errors="0" timestamp="2025-08-20T20:55:16 CDT" skipped="0">
  <testcase classname="tests.ApiPortalTest" name="login" time="0.600"/>
  <system-out/>
  <testcase classname="tests.ApiPortalTest" name="TC3_Successful_Campaign_Creation" time="0.882"/>
  <system-out/>
</testsuite> <!-- tests.ApiPortalTest -->
